<?xml version="1.0" encoding="UTF-8"?>
<!-- Generated by org.testng.reporters.JUnitReportReporter -->
<testsuite hostname="DESKTOP-I882LUR" failures="0" tests="1" name="test.PurchaseTest" time="18.720" errors="0" timestamp="2025-04-02T13:03:57 IST" skipped="0">
  <testcase classname="test.PurchaseTest" name="purchaseFunctionality" time="18.720"/>
</testsuite> <!-- test.PurchaseTest -->
