<?xml version="1.0" encoding="UTF-8"?>
<!-- Generated by org.testng.reporters.JUnitReportReporter -->
<testsuite hostname="DESKTOP-I882LUR" failures="0" tests="1" name="test.ProductsCategoryanddisplaytest" time="11.452" errors="0" timestamp="2025-03-28T20:43:03 IST" skipped="0">
  <testcase classname="test.ProductsCategoryanddisplaytest" name="verifyHomePageElements" time="11.452"/>
</testsuite> <!-- test.ProductsCategoryanddisplaytest -->
