<?xml version="1.0" encoding="UTF-8"?>
<!-- Generated by org.testng.reporters.JUnitReportReporter -->
<testsuite hostname="DESKTOP-I882LUR" failures="0" tests="2" name="test.PlaceOrderTest" time="14.097" errors="0" timestamp="2025-03-25T17:16:36 IST" skipped="0">
  <testcase classname="test.PlaceOrderTest" name="testRedirectionToPlaceOrderWindow" time="8.413"/>
  <testcase classname="test.PlaceOrderTest" name="testCompletePurchase" time="5.684"/>
</testsuite> <!-- test.PlaceOrderTest -->
